<?xml version="1.0" encoding="UTF-8"?>
<!-- Generated by org.testng.reporters.JUnitReportReporter -->
<testsuite hostname="Praveens-MacBook-Pro.local" failures="0" tests="6" name="testNG.DataProviderRealWorldScenario" time="37.599" errors="0" timestamp="2024-05-21T11:21:35 IST" skipped="0">
  <testcase classname="testNG.DataProviderRealWorldScenario" name="UserLogin" time="5.300"/>
  <system-out/>
  <testcase classname="testNG.DataProviderRealWorldScenario" name="UserLogin" time="10.374"/>
  <system-out/>
  <testcase classname="testNG.DataProviderRealWorldScenario" name="UserLogin" time="5.313"/>
  <system-out/>
  <testcase classname="testNG.DataProviderRealWorldScenario" name="UserLogin" time="5.372"/>
  <system-out/>
  <testcase classname="testNG.DataProviderRealWorldScenario" name="UserLogin" time="5.936"/>
  <system-out/>
  <testcase classname="testNG.DataProviderRealWorldScenario" name="UserLogin" time="5.304"/>
  <system-out/>
</testsuite> <!-- testNG.DataProviderRealWorldScenario -->
