<?xml version="1.0" encoding="UTF-8"?>
<!-- Generated by org.testng.reporters.JUnitReportReporter -->
<testsuite hostname="Praveens-MBP" failures="0" tests="1" name="testNG.Soft_Assert" time="20.535" errors="0" timestamp="2024-05-20T13:29:27 IST" skipped="0">
  <testcase classname="testNG.Soft_Assert" name="TitleTest" time="20.535"/>
  <system-out/>
</testsuite> <!-- testNG.Soft_Assert -->
