<?xml version="1.0" encoding="UTF-8"?>
<!-- Generated by org.testng.reporters.JUnitReportReporter -->
<testsuite hostname="Praveens-MBP" failures="0" tests="1" name="testNG.SoftAssert" time="4.831" errors="0" timestamp="2024-05-19T17:31:52 IST" skipped="0">
  <testcase classname="testNG.SoftAssert" name="TitleTest" time="4.831"/>
  <system-out/>
</testsuite> <!-- testNG.SoftAssert -->
