<?xml version="1.0" encoding="UTF-8"?>
<!-- Generated by org.testng.reporters.JUnitReportReporter -->
<testsuite hostname="Praveens-MacBook-Pro.local" failures="0" tests="8" name="testNG.Data_Provider" time="0.008" errors="0" timestamp="2024-05-21T12:19:54 IST" skipped="0">
  <testcase classname="testNG.Data_Provider" name="test1" time="0.000"/>
  <system-out/>
  <testcase classname="testNG.Data_Provider" name="test2" time="0.001"/>
  <system-out/>
  <testcase classname="testNG.Data_Provider" name="test2" time="0.001"/>
  <system-out/>
  <testcase classname="testNG.Data_Provider" name="test2" time="0.000"/>
  <system-out/>
  <testcase classname="testNG.Data_Provider" name="test1" time="0.006"/>
  <system-out/>
  <testcase classname="testNG.Data_Provider" name="test1" time="0.000"/>
  <system-out/>
  <testcase classname="testNG.Data_Provider" name="test1" time="0.000"/>
  <system-out/>
  <testcase classname="testNG.Data_Provider" name="test2" time="0.000"/>
  <system-out/>
</testsuite> <!-- testNG.Data_Provider -->
