<?xml version="1.0" encoding="UTF-8"?>
<!-- Generated by org.testng.reporters.JUnitReportReporter -->
<testsuite hostname="Praveens-MacBook-Pro.local" failures="0" tests="2" name="testNG.LoginTest" time="0.003" errors="0" timestamp="2024-05-22T12:26:52 IST" skipped="0">
  <testcase classname="testNG.LoginTest" name="LogIn" time="0.002"/>
  <system-out/>
  <testcase classname="testNG.LoginTest" name="LogOut" time="0.001"/>
  <system-out/>
</testsuite> <!-- testNG.LoginTest -->
