<?xml version="1.0" encoding="UTF-8"?>
<!-- Generated by org.testng.reporters.JUnitReportReporter -->
<testsuite hostname="Praveens-MacBook-Pro.local" failures="0" tests="1" name="testNG.TitleVerification" time="14.904" errors="0" timestamp="2024-05-22T12:27:19 IST" skipped="0">
  <testcase classname="testNG.TitleVerification" name="TitleVerify" time="14.904"/>
  <system-out/>
</testsuite> <!-- testNG.TitleVerification -->
