<?xml version="1.0" encoding="UTF-8"?>
<!-- Generated by org.testng.reporters.JUnitReportReporter -->
<testsuite hostname="Praveens-MacBook-Pro.local" failures="0" tests="9" name="testNG.TestNGAnnotations" time="0.006" errors="0" timestamp="2024-05-20T23:12:28 IST" skipped="0">
  <testcase classname="testNG.TestNGAnnotations" name="Test_8" time="0.000"/>
  <system-out/>
  <testcase classname="testNG.TestNGAnnotations" name="Test_9" time="0.001"/>
  <system-out/>
  <testcase classname="testNG.TestNGAnnotations" name="Test_3" time="0.000"/>
  <system-out/>
  <testcase classname="testNG.TestNGAnnotations" name="Test_4" time="0.000"/>
  <system-out/>
  <testcase classname="testNG.TestNGAnnotations" name="Test_6" time="0.001"/>
  <system-out/>
  <testcase classname="testNG.TestNGAnnotations" name="Test_1" time="0.002"/>
  <system-out/>
  <testcase classname="testNG.TestNGAnnotations" name="Test_5" time="0.001"/>
  <system-out/>
  <testcase classname="testNG.TestNGAnnotations" name="Test_7" time="0.000"/>
  <system-out/>
  <testcase classname="testNG.TestNGAnnotations" name="Test_2" time="0.001"/>
  <system-out/>
</testsuite> <!-- testNG.TestNGAnnotations -->
