<?xml version="1.0" encoding="UTF-8"?>
<!-- Generated by org.testng.reporters.JUnitReportReporter -->
<testsuite hostname="Praveens-MBP" failures="0" tests="1" name="testNG.Login_Test" time="2.590" errors="0" timestamp="2024-05-22T13:08:56 IST" skipped="0">
  <testcase classname="testNG.Login_Test" name="LogIn" time="2.590"/>
  <system-out/>
</testsuite> <!-- testNG.Login_Test -->
