<?xml version="1.0" encoding="UTF-8"?>
<!-- Generated by org.testng.reporters.JUnitReportReporter -->
<testsuite hostname="Praveens-MacBook-Pro.local" failures="0" tests="3" name="testNG.SkippingTestCases" time="0.006" errors="0" timestamp="2024-05-20T19:32:08 IST" skipped="2">
  <testcase classname="testNG.SkippingTestCases" name="method_3" time="0.000"/>
  <system-out/>
  <testcase classname="testNG.SkippingTestCases" name="method_2" time="0.006">
    <skipped/>
  </testcase> <!-- method_2 -->
  <system-out/>
  <testcase classname="testNG.SkippingTestCases" name="method_1">
    <skipped/>
  </testcase> <!-- method_1 -->
  <system-out/>
</testsuite> <!-- testNG.SkippingTestCases -->
